This is pdfTeX, Version 3.141592653-2.6-1.40.25 (MiKTeX 24.1) (preloaded format=pdflatex 2024.3.3)  20 MAR 2024 12:45
entering extended mode
 restricted \write18 enabled.
 file:line:error style messages enabled.
 %&-line parsing enabled.
**c:/Users/emicr/Documents/CODIGOS_FUENTES/5BM1-TEORIA_DE_LA_COMPUTACION/PRACTICA02/REPORTE/PRACTICA02.tex
(c:/Users/emicr/Documents/CODIGOS_FUENTES/5BM1-TEORIA_DE_LA_COMPUTACION/PRACTICA02/REPORTE/PRACTICA02.tex
LaTeX2e <2023-11-01> patch level 1
L3 programming layer <2024-02-20>
(C:\Users\emicr\AppData\Local\Programs\MiKTeX\tex/latex/base\article.cls
Document Class: article 2023/05/17 v1.4n Standard LaTeX document class
(C:\Users\emicr\AppData\Local\Programs\MiKTeX\tex/latex/base\size10.clo
File: size10.clo 2023/05/17 v1.4n Standard LaTeX file (size option)
)
\c@part=\count188
\c@section=\count189
\c@subsection=\count190
\c@subsubsection=\count191
\c@paragraph=\count192
\c@subparagraph=\count193
\c@figure=\count194
\c@table=\count195
\abovecaptionskip=\skip48
\belowcaptionskip=\skip49
\bibindent=\dimen140
) (C:\Users\emicr\AppData\Local\Programs\MiKTeX\tex/latex/base\inputenc.sty
Package: inputenc 2021/02/14 v1.3d Input encoding file
\inpenc@prehook=\toks17
\inpenc@posthook=\toks18
) (C:\Users\emicr\AppData\Local\Programs\MiKTeX\tex/generic/babel\babel.sty
Package: babel 2024/02/07 v24.2 The Babel package
\babel@savecnt=\count196
\U@D=\dimen141
\l@unhyphenated=\language79
 (C:\Users\emicr\AppData\Local\Programs\MiKTeX\tex/generic/babel\txtbabel.def)
\bbl@readstream=\read2
\bbl@dirlevel=\count197

*************************************
* Local config file bblopts.cfg used
*
(C:\Users\emicr\AppData\Local\Programs\MiKTeX\tex/latex/arabi\bblopts.cfg
File: bblopts.cfg 2005/09/08 v0.1 add Arabic and Farsi to "declared" options of babel
) (C:\Users\emicr\AppData\Local\Programs\MiKTeX\tex/latex/babel-spanish\spanish.ldf
Language: spanish.ldf 2021/05/27 v5.0q Spanish support from the babel system
\es@quottoks=\toks19
\es@quotdepth=\count198
Package babel Info: Making " an active character on input line 570.
Package babel Info: Making . an active character on input line 675.
Package babel Info: Making < an active character on input line 722.
Package babel Info: Making > an active character on input line 722.
)) (C:\Users\emicr\AppData\Local\Programs\MiKTeX\tex/generic/babel/locale/es\babel-spanish.tex
Package babel Info: Importing font and identification data for spanish
(babel)             from babel-es.ini. Reported on input line 11.
) (C:\Users\emicr\AppData\Local\Programs\MiKTeX\tex/latex/geometry\geometry.sty
Package: geometry 2020/01/02 v5.9 Page Geometry
 (C:\Users\emicr\AppData\Local\Programs\MiKTeX\tex/latex/graphics\keyval.sty
Package: keyval 2022/05/29 v1.15 key=value parser (DPC)
\KV@toks@=\toks20
) (C:\Users\emicr\AppData\Local\Programs\MiKTeX\tex/generic/iftex\ifvtex.sty
Package: ifvtex 2019/10/25 v1.7 ifvtex legacy package. Use iftex instead.
 (C:\Users\emicr\AppData\Local\Programs\MiKTeX\tex/generic/iftex\iftex.sty
Package: iftex 2022/02/03 v1.0f TeX engine tests
))
\Gm@cnth=\count199
\Gm@cntv=\count266
\c@Gm@tempcnt=\count267
\Gm@bindingoffset=\dimen142
\Gm@wd@mp=\dimen143
\Gm@odd@mp=\dimen144
\Gm@even@mp=\dimen145
\Gm@layoutwidth=\dimen146
\Gm@layoutheight=\dimen147
\Gm@layouthoffset=\dimen148
\Gm@layoutvoffset=\dimen149
\Gm@dimlist=\toks21
 (C:\Users\emicr\AppData\Local\Programs\MiKTeX\tex/latex/geometry\geometry.cfg)) (C:\Users\emicr\AppData\Local\Programs\MiKTeX\tex/latex/graphics\graphicx.sty
Package: graphicx 2021/09/16 v1.2d Enhanced LaTeX Graphics (DPC,SPQR)
 (C:\Users\emicr\AppData\Local\Programs\MiKTeX\tex/latex/graphics\graphics.sty
Package: graphics 2022/03/10 v1.4e Standard LaTeX Graphics (DPC,SPQR)
 (C:\Users\emicr\AppData\Local\Programs\MiKTeX\tex/latex/graphics\trig.sty
Package: trig 2021/08/11 v1.11 sin cos tan (DPC)
) (C:\Users\emicr\AppData\Local\Programs\MiKTeX\tex/latex/graphics-cfg\graphics.cfg
File: graphics.cfg 2016/06/04 v1.11 sample graphics configuration
)
Package graphics Info: Driver file: pdftex.def on input line 107.
 (C:\Users\emicr\AppData\Local\Programs\MiKTeX\tex/latex/graphics-def\pdftex.def
File: pdftex.def 2022/09/22 v1.2b Graphics/color driver for pdftex
))
\Gin@req@height=\dimen150
\Gin@req@width=\dimen151
) (C:\Users\emicr\AppData\Local\Programs\MiKTeX\tex/latex/titlesec\titlesec.sty
Package: titlesec 2023/10/27 v2.16 Sectioning titles
\ttl@box=\box51
\beforetitleunit=\skip50
\aftertitleunit=\skip51
\ttl@plus=\dimen152
\ttl@minus=\dimen153
\ttl@toksa=\toks22
\titlewidth=\dimen154
\titlewidthlast=\dimen155
\titlewidthfirst=\dimen156
) (C:\Users\emicr\AppData\Local\Programs\MiKTeX\tex/latex/lipsum\lipsum.sty (C:\Users\emicr\AppData\Local\Programs\MiKTeX\tex/latex/l3packages/l3keys2e\l3keys2e.sty (C:\Users\emicr\AppData\Local\Programs\MiKTeX\tex/latex/l3kernel\expl3.sty
Package: expl3 2024-02-20 L3 programming layer (loader) 
 (C:\Users\emicr\AppData\Local\Programs\MiKTeX\tex/latex/l3backend\l3backend-pdftex.def
File: l3backend-pdftex.def 2024-02-20 L3 backend support: PDF output (pdfTeX)
\l__color_backend_stack_int=\count268
\l__pdf_internal_box=\box52
))
Package: l3keys2e 2024-02-18 LaTeX2e option processing using LaTeX3 keys
)
Package: lipsum 2021-09-20 v2.7 150 paragraphs of Lorem Ipsum dummy text
\g__lipsum_par_int=\count269
\l__lipsum_a_int=\count270
\l__lipsum_b_int=\count271
 (C:\Users\emicr\AppData\Local\Programs\MiKTeX\tex/latex/lipsum\lipsum.ltd.tex)) (C:\Users\emicr\AppData\Local\Programs\MiKTeX\tex/latex/xcolor\xcolor.sty
Package: xcolor 2023/11/15 v3.01 LaTeX color extensions (UK)
 (C:\Users\emicr\AppData\Local\Programs\MiKTeX\tex/latex/graphics-cfg\color.cfg
File: color.cfg 2016/01/02 v1.6 sample color configuration
)
Package xcolor Info: Driver file: pdftex.def on input line 274.
 (C:\Users\emicr\AppData\Local\Programs\MiKTeX\tex/latex/graphics\mathcolor.ltx)
Package xcolor Info: Model `cmy' substituted by `cmy0' on input line 1350.
Package xcolor Info: Model `hsb' substituted by `rgb' on input line 1354.
Package xcolor Info: Model `RGB' extended on input line 1366.
Package xcolor Info: Model `HTML' substituted by `rgb' on input line 1368.
Package xcolor Info: Model `Hsb' substituted by `hsb' on input line 1369.
Package xcolor Info: Model `tHsb' substituted by `hsb' on input line 1370.
Package xcolor Info: Model `HSB' substituted by `hsb' on input line 1371.
Package xcolor Info: Model `Gray' substituted by `gray' on input line 1372.
Package xcolor Info: Model `wave' substituted by `hsb' on input line 1373.
) (C:\Users\emicr\AppData\Local\Programs\MiKTeX\tex/latex/graphics\dvipsnam.def
File: dvipsnam.def 2016/06/17 v3.0m Driver-dependent file (DPC,SPQR)
) (C:\Users\emicr\AppData\Local\Programs\MiKTeX\tex/latex/mathtools\mathtools.sty
Package: mathtools 2022/06/29 v1.29 mathematical typesetting tools
 (C:\Users\emicr\AppData\Local\Programs\MiKTeX\tex/latex/tools\calc.sty
Package: calc 2023/07/08 v4.3 Infix arithmetic (KKT,FJ)
\calc@Acount=\count272
\calc@Bcount=\count273
\calc@Adimen=\dimen157
\calc@Bdimen=\dimen158
\calc@Askip=\skip52
\calc@Bskip=\skip53
LaTeX Info: Redefining \setlength on input line 80.
LaTeX Info: Redefining \addtolength on input line 81.
\calc@Ccount=\count274
\calc@Cskip=\skip54
) (C:\Users\emicr\AppData\Local\Programs\MiKTeX\tex/latex/mathtools\mhsetup.sty
Package: mhsetup 2021/03/18 v1.4 programming setup (MH)
) (C:\Users\emicr\AppData\Local\Programs\MiKTeX\tex/latex/amsmath\amsmath.sty
Package: amsmath 2023/05/13 v2.17o AMS math features
\@mathmargin=\skip55

For additional information on amsmath, use the `?' option.
(C:\Users\emicr\AppData\Local\Programs\MiKTeX\tex/latex/amsmath\amstext.sty
Package: amstext 2021/08/26 v2.01 AMS text
 (C:\Users\emicr\AppData\Local\Programs\MiKTeX\tex/latex/amsmath\amsgen.sty
File: amsgen.sty 1999/11/30 v2.0 generic functions
\@emptytoks=\toks23
\ex@=\dimen159
)) (C:\Users\emicr\AppData\Local\Programs\MiKTeX\tex/latex/amsmath\amsbsy.sty
Package: amsbsy 1999/11/29 v1.2d Bold Symbols
\pmbraise@=\dimen160
) (C:\Users\emicr\AppData\Local\Programs\MiKTeX\tex/latex/amsmath\amsopn.sty
Package: amsopn 2022/04/08 v2.04 operator names
)
\inf@bad=\count275
LaTeX Info: Redefining \frac on input line 234.
\uproot@=\count276
\leftroot@=\count277
LaTeX Info: Redefining \overline on input line 399.
LaTeX Info: Redefining \colon on input line 410.
\classnum@=\count278
\DOTSCASE@=\count279
LaTeX Info: Redefining \ldots on input line 496.
LaTeX Info: Redefining \dots on input line 499.
LaTeX Info: Redefining \cdots on input line 620.
\Mathstrutbox@=\box53
\strutbox@=\box54
LaTeX Info: Redefining \big on input line 722.
LaTeX Info: Redefining \Big on input line 723.
LaTeX Info: Redefining \bigg on input line 724.
LaTeX Info: Redefining \Bigg on input line 725.
\big@size=\dimen161
LaTeX Font Info:    Redeclaring font encoding OML on input line 743.
LaTeX Font Info:    Redeclaring font encoding OMS on input line 744.
\macc@depth=\count280
LaTeX Info: Redefining \bmod on input line 905.
LaTeX Info: Redefining \pmod on input line 910.
LaTeX Info: Redefining \smash on input line 940.
LaTeX Info: Redefining \relbar on input line 970.
LaTeX Info: Redefining \Relbar on input line 971.
\c@MaxMatrixCols=\count281
\dotsspace@=\muskip16
\c@parentequation=\count282
\dspbrk@lvl=\count283
\tag@help=\toks24
\row@=\count284
\column@=\count285
\maxfields@=\count286
\andhelp@=\toks25
\eqnshift@=\dimen162
\alignsep@=\dimen163
\tagshift@=\dimen164
\tagwidth@=\dimen165
\totwidth@=\dimen166
\lineht@=\dimen167
\@envbody=\toks26
\multlinegap=\skip56
\multlinetaggap=\skip57
\mathdisplay@stack=\toks27
LaTeX Info: Redefining \[ on input line 2953.
LaTeX Info: Redefining \] on input line 2954.
)
\g_MT_multlinerow_int=\count287
\l_MT_multwidth_dim=\dimen168
\origjot=\skip58
\l_MT_shortvdotswithinadjustabove_dim=\dimen169
\l_MT_shortvdotswithinadjustbelow_dim=\dimen170
\l_MT_above_intertext_sep=\dimen171
\l_MT_below_intertext_sep=\dimen172
\l_MT_above_shortintertext_sep=\dimen173
\l_MT_below_shortintertext_sep=\dimen174
\xmathstrut@box=\box55
\xmathstrut@dim=\dimen175
) (C:\Users\emicr\AppData\Local\Programs\MiKTeX\tex/latex/booktabs\booktabs.sty
Package: booktabs 2020/01/12 v1.61803398 Publication quality tables
\heavyrulewidth=\dimen176
\lightrulewidth=\dimen177
\cmidrulewidth=\dimen178
\belowrulesep=\dimen179
\belowbottomsep=\dimen180
\aboverulesep=\dimen181
\abovetopsep=\dimen182
\cmidrulesep=\dimen183
\cmidrulekern=\dimen184
\defaultaddspace=\dimen185
\@cmidla=\count288
\@cmidlb=\count289
\@aboverulesep=\dimen186
\@belowrulesep=\dimen187
\@thisruleclass=\count290
\@lastruleclass=\count291
\@thisrulewidth=\dimen188
) (C:\Users\emicr\AppData\Local\Programs\MiKTeX\tex/latex/base\latexsym.sty
Package: latexsym 1998/08/17 v2.2e Standard LaTeX package (lasy symbols)
\symlasy=\mathgroup4
LaTeX Font Info:    Overwriting symbol font `lasy' in version `bold'
(Font)                  U/lasy/m/n --> U/lasy/b/n on input line 52.
) (C:\Users\emicr\AppData\Local\Programs\MiKTeX\tex/latex/ncctools\nccmath.sty
Package: nccmath 2006/01/20 v1.3 Additional Math Commands (NCC)
\NCC@fracrulewidth=\dimen189
) (C:\Users\emicr\AppData\Local\Programs\MiKTeX\tex/latex/tools\multicol.sty
Package: multicol 2023/03/30 v1.9f multicolumn formatting (FMi)
\c@tracingmulticols=\count292
\mult@box=\box56
\multicol@leftmargin=\dimen190
\c@unbalance=\count293
\c@collectmore=\count294
\doublecol@number=\count295
\multicoltolerance=\count296
\multicolpretolerance=\count297
\full@width=\dimen191
\page@free=\dimen192
\premulticols=\dimen193
\postmulticols=\dimen194
\multicolsep=\skip59
\multicolbaselineskip=\skip60
\partial@page=\box57
\last@line=\box58
\mc@boxedresult=\box59
\maxbalancingoverflow=\dimen195
\mult@rightbox=\box60
\mult@grightbox=\box61
\mult@firstbox=\box62
\mult@gfirstbox=\box63
\@tempa=\box64
\@tempa=\box65
\@tempa=\box66
\@tempa=\box67
\@tempa=\box68
\@tempa=\box69
\@tempa=\box70
\@tempa=\box71
\@tempa=\box72
\@tempa=\box73
\@tempa=\box74
\@tempa=\box75
\@tempa=\box76
\@tempa=\box77
\@tempa=\box78
\@tempa=\box79
\@tempa=\box80
\@tempa=\box81
\@tempa=\box82
\@tempa=\box83
\@tempa=\box84
\@tempa=\box85
\@tempa=\box86
\@tempa=\box87
\@tempa=\box88
\@tempa=\box89
\@tempa=\box90
\@tempa=\box91
\@tempa=\box92
\@tempa=\box93
\@tempa=\box94
\@tempa=\box95
\@tempa=\box96
\@tempa=\box97
\@tempa=\box98
\@tempa=\box99
\c@minrows=\count298
\c@columnbadness=\count299
\c@finalcolumnbadness=\count300
\last@try=\dimen196
\multicolovershoot=\dimen197
\multicolundershoot=\dimen198
\mult@nat@firstbox=\box100
\colbreak@box=\box101
\mc@col@check@num=\count301
) (C:\Users\emicr\AppData\Local\Programs\MiKTeX\tex/latex/listings\listings.sty
\lst@mode=\count302
\lst@gtempboxa=\box102
\lst@token=\toks28
\lst@length=\count303
\lst@currlwidth=\dimen199
\lst@column=\count304
\lst@pos=\count305
\lst@lostspace=\dimen256
\lst@width=\dimen257
\lst@newlines=\count306
\lst@lineno=\count307
\lst@maxwidth=\dimen258
 (C:\Users\emicr\AppData\Local\Programs\MiKTeX\tex/latex/listings\lstpatch.sty
File: lstpatch.sty 2024/02/21 1.10 (Carsten Heinz)
) (C:\Users\emicr\AppData\Local\Programs\MiKTeX\tex/latex/listings\lstmisc.sty
File: lstmisc.sty 2024/02/21 1.10 (Carsten Heinz)
\c@lstnumber=\count308
\lst@skipnumbers=\count309
\lst@framebox=\box103
) (C:\Users\emicr\AppData\Local\Programs\MiKTeX\tex/latex/listings\listings.cfg
File: listings.cfg 2024/02/21 1.10 listings configuration
))
Package: listings 2024/02/21 1.10 (Carsten Heinz)
 (C:\Users\emicr\AppData\Local\Programs\MiKTeX\tex/latex/tasks\tasks.sty (C:\Users\emicr\AppData\Local\Programs\MiKTeX\tex/latex/l3packages/xparse\xparse.sty
Package: xparse 2024-02-18 L3 Experimental document command parser
) (C:\Users\emicr\AppData\Local\Programs\MiKTeX\tex/latex/l3packages/xtemplate\xtemplate.sty (C:\Users\emicr\AppData\Local\Programs\MiKTeX\tex/latex/l3packages/xtemplate\xtemplate-2023-10-10.sty
Package: xtemplate 2023-10-10 L3 Experimental prototype document functions
\l__xtemplate_tmp_dim=\dimen259
\l__xtemplate_tmp_int=\count310
\l__xtemplate_tmp_muskip=\muskip17
\l__xtemplate_tmp_skip=\skip61
))
Package: tasks 2022/01/08 v1.4a lists with columns filled horizontally
\g__tasks_total_items_int=\count311
\l__tasks_columns_int=\count312
\g__tasks_rows_int=\count313
\g__tasks_current_col_num_int=\count314
\g__tasks_current_row_num_int=\count315
\l__tasks_item_columns_int=\count316
\g__tasks_env_int=\count317
\l__tasks_start_int=\count318
\l__tasks_item_indent_dim=\dimen260
\l__tasks_item_default_indent_dim=\dimen261
\l__tasks_item_width_dim=\dimen262
\l__tasks_label_width_dim=\dimen263
\l__tasks_label_default_width_dim=\dimen264
\l__tasks_label_offset_dim=\dimen265
\l__tasks_label_default_offset_dim=\dimen266
\l__tasks_column_sep_dim=\dimen267
\l__tasks_correction_dim=\dimen268
\l__tasks_full_width_dim=\dimen269
\l__tasks_after_item_skip=\skip62
\l__tasks_custom_after_item_skip=\skip63
\l__tasks_before_list_skip=\skip64
\l__tasks_after_list_skip=\skip65
\l__tasks_item_coffin=\box104
\l__tasks_label_coffin=\box105
\c@task=\count319
\l__tasks_tmpa_int=\count320
\l__tasks_tmpb_int=\count321
\l__tasks_tmpa_coffin=\box106
\l__tasks_tmpa_box=\box107

Package xtemplate Info: Declaring object type 'tasks' taking 3 argument(s) on
(xtemplate)             line 450.

 (C:\Users\emicr\AppData\Local\Programs\MiKTeX\tex/latex/tasks\tasks.cfg)) (C:\Users\emicr\AppData\Local\Programs\MiKTeX\tex/latex/float\float.sty
Package: float 2001/11/08 v1.3d Float enhancements (AL)
\c@float@type=\count322
\float@exts=\toks29
\float@box=\box108
\@float@everytoks=\toks30
\@floatcapt=\box109
) (C:\Users\emicr\AppData\Local\Programs\MiKTeX\tex/latex/enumitem\enumitem.sty
Package: enumitem 2019/06/20 v3.9 Customized lists
\labelindent=\skip66
\enit@outerparindent=\dimen270
\enit@toks=\toks31
\enit@inbox=\box110
\enit@count@id=\count323
\enitdp@description=\count324
) (C:\Users\emicr\AppData\Local\Programs\MiKTeX\tex/latex/tools\longtable.sty
Package: longtable 2023-11-01 v4.19 Multi-page Table package (DPC)
\LTleft=\skip67
\LTright=\skip68
\LTpre=\skip69
\LTpost=\skip70
\LTchunksize=\count325
\LTcapwidth=\dimen271
\LT@head=\box111
\LT@firsthead=\box112
\LT@foot=\box113
\LT@lastfoot=\box114
\LT@gbox=\box115
\LT@cols=\count326
\LT@rows=\count327
\c@LT@tables=\count328
\c@LT@chunks=\count329
\LT@p@ftn=\toks32
) (C:\Users\emicr\AppData\Local\Programs\MiKTeX\tex/latex/makecell\makecell.sty
Package: makecell 2009/08/03 V0.1e Managing of Tab Column Heads and Cells
 (C:\Users\emicr\AppData\Local\Programs\MiKTeX\tex/latex/tools\array.sty
Package: array 2023/10/16 v2.5g Tabular extension package (FMi)
\col@sep=\dimen272
\ar@mcellbox=\box116
\extrarowheight=\dimen273
\NC@list=\toks33
\extratabsurround=\skip71
\backup@length=\skip72
\ar@cellbox=\box117
)
\rotheadsize=\dimen274
\c@nlinenum=\count330
\TeXr@lab=\toks34
) (C:\Users\emicr\AppData\Local\Programs\MiKTeX\tex/latex/caption\caption.sty
Package: caption 2023/08/05 v3.6o Customizing captions (AR)
 (C:\Users\emicr\AppData\Local\Programs\MiKTeX\tex/latex/caption\caption3.sty
Package: caption3 2023/07/31 v2.4d caption3 kernel (AR)
\caption@tempdima=\dimen275
\captionmargin=\dimen276
\caption@leftmargin=\dimen277
\caption@rightmargin=\dimen278
\caption@width=\dimen279
\caption@indent=\dimen280
\caption@parindent=\dimen281
\caption@hangindent=\dimen282
Package caption Info: Standard document class detected.
)
\c@caption@flags=\count331
\c@continuedfloat=\count332
Package caption Info: float package is loaded.
Package caption Info: listings package is loaded.
Package caption Info: longtable package is loaded.
 (C:\Users\emicr\AppData\Local\Programs\MiKTeX\tex/latex/caption\ltcaption.sty
Package: ltcaption 2021/01/08 v1.4c longtable captions (AR)
)) (C:\Users\emicr\AppData\Local\Programs\MiKTeX\tex/latex/parskip\parskip.sty
Package: parskip 2021-03-14 v2.0h non-zero parskip adjustments
 (C:\Users\emicr\AppData\Local\Programs\MiKTeX\tex/latex/kvoptions\kvoptions.sty
Package: kvoptions 2022-06-15 v3.15 Key value format for package options (HO)
 (C:\Users\emicr\AppData\Local\Programs\MiKTeX\tex/generic/ltxcmds\ltxcmds.sty
Package: ltxcmds 2023-12-04 v1.26 LaTeX kernel commands for general use (HO)
) (C:\Users\emicr\AppData\Local\Programs\MiKTeX\tex/latex/kvsetkeys\kvsetkeys.sty
Package: kvsetkeys 2022-10-05 v1.19 Key value parser (HO)
)) (C:\Users\emicr\AppData\Local\Programs\MiKTeX\tex/latex/etoolbox\etoolbox.sty
Package: etoolbox 2020/10/05 v2.5k e-TeX tools for LaTeX (JAW)
\etb@tempcnta=\count333
)) (C:\Users\emicr\AppData\Local\Programs\MiKTeX\tex/latex/hyperref\hyperref.sty
Package: hyperref 2024-01-20 v7.01h Hypertext links for LaTeX
 (C:\Users\emicr\AppData\Local\Programs\MiKTeX\tex/generic/kvdefinekeys\kvdefinekeys.sty
Package: kvdefinekeys 2019-12-19 v1.6 Define keys (HO)
) (C:\Users\emicr\AppData\Local\Programs\MiKTeX\tex/generic/pdfescape\pdfescape.sty
Package: pdfescape 2019/12/09 v1.15 Implements pdfTeX's escape features (HO)
 (C:\Users\emicr\AppData\Local\Programs\MiKTeX\tex/generic/pdftexcmds\pdftexcmds.sty
Package: pdftexcmds 2020-06-27 v0.33 Utility functions of pdfTeX for LuaTeX (HO)
 (C:\Users\emicr\AppData\Local\Programs\MiKTeX\tex/generic/infwarerr\infwarerr.sty
Package: infwarerr 2019/12/03 v1.5 Providing info/warning/error messages (HO)
)
Package pdftexcmds Info: \pdf@primitive is available.
Package pdftexcmds Info: \pdf@ifprimitive is available.
Package pdftexcmds Info: \pdfdraftmode found.
)) (C:\Users\emicr\AppData\Local\Programs\MiKTeX\tex/latex/hycolor\hycolor.sty
Package: hycolor 2020-01-27 v1.10 Color options for hyperref/bookmark (HO)
) (C:\Users\emicr\AppData\Local\Programs\MiKTeX\tex/latex/auxhook\auxhook.sty
Package: auxhook 2019-12-17 v1.6 Hooks for auxiliary files (HO)
) (C:\Users\emicr\AppData\Local\Programs\MiKTeX\tex/latex/hyperref\nameref.sty
Package: nameref 2023-11-26 v2.56 Cross-referencing by name of section
 (C:\Users\emicr\AppData\Local\Programs\MiKTeX\tex/latex/refcount\refcount.sty
Package: refcount 2019/12/15 v3.6 Data extraction from label references (HO)
) (C:\Users\emicr\AppData\Local\Programs\MiKTeX\tex/generic/gettitlestring\gettitlestring.sty
Package: gettitlestring 2019/12/15 v1.6 Cleanup title references (HO)
)
\c@section@level=\count334
)
\@linkdim=\dimen283
\Hy@linkcounter=\count335
\Hy@pagecounter=\count336
 (C:\Users\emicr\AppData\Local\Programs\MiKTeX\tex/latex/hyperref\pd1enc.def
File: pd1enc.def 2024-01-20 v7.01h Hyperref: PDFDocEncoding definition (HO)
Now handling font encoding PD1 ...
... no UTF-8 mapping file for font encoding PD1
) (C:\Users\emicr\AppData\Local\Programs\MiKTeX\tex/generic/intcalc\intcalc.sty
Package: intcalc 2019/12/15 v1.3 Expandable calculations with integers (HO)
)
\Hy@SavedSpaceFactor=\count337
 (C:\Users\emicr\AppData\Local\Programs\MiKTeX\tex/latex/hyperref\puenc.def
File: puenc.def 2024-01-20 v7.01h Hyperref: PDF Unicode definition (HO)
Now handling font encoding PU ...
... no UTF-8 mapping file for font encoding PU
)
Package hyperref Info: Hyper figures OFF on input line 4179.
Package hyperref Info: Link nesting OFF on input line 4184.
Package hyperref Info: Hyper index ON on input line 4187.
Package hyperref Info: Plain pages OFF on input line 4194.
Package hyperref Info: Backreferencing OFF on input line 4199.
Package hyperref Info: Implicit mode ON; LaTeX internals redefined.
Package hyperref Info: Bookmarks ON on input line 4446.
\c@Hy@tempcnt=\count338
 (C:\Users\emicr\AppData\Local\Programs\MiKTeX\tex/latex/url\url.sty
\Urlmuskip=\muskip18
Package: url 2013/09/16  ver 3.4  Verb mode for urls, etc.
)
LaTeX Info: Redefining \url on input line 4784.
\XeTeXLinkMargin=\dimen284
 (C:\Users\emicr\AppData\Local\Programs\MiKTeX\tex/generic/bitset\bitset.sty
Package: bitset 2019/12/09 v1.3 Handle bit-vector datatype (HO)
 (C:\Users\emicr\AppData\Local\Programs\MiKTeX\tex/generic/bigintcalc\bigintcalc.sty
Package: bigintcalc 2019/12/15 v1.5 Expandable calculations on big integers (HO)
))
\Fld@menulength=\count339
\Field@Width=\dimen285
\Fld@charsize=\dimen286
Package hyperref Info: Hyper figures OFF on input line 6063.
Package hyperref Info: Link nesting OFF on input line 6068.
Package hyperref Info: Hyper index ON on input line 6071.
Package hyperref Info: backreferencing OFF on input line 6078.
Package hyperref Info: Link coloring OFF on input line 6083.
Package hyperref Info: Link coloring with OCG OFF on input line 6088.
Package hyperref Info: PDF/A mode OFF on input line 6093.
 (C:\Users\emicr\AppData\Local\Programs\MiKTeX\tex/latex/base\atbegshi-ltx.sty
Package: atbegshi-ltx 2021/01/10 v1.0c Emulation of the original atbegshi
package with kernel methods
)
\Hy@abspage=\count340
\c@Item=\count341
\c@Hfootnote=\count342
)
Package hyperref Info: Driver (autodetected): hpdftex.
 (C:\Users\emicr\AppData\Local\Programs\MiKTeX\tex/latex/hyperref\hpdftex.def
File: hpdftex.def 2024-01-20 v7.01h Hyperref driver for pdfTeX
 (C:\Users\emicr\AppData\Local\Programs\MiKTeX\tex/latex/base\atveryend-ltx.sty
Package: atveryend-ltx 2020/08/19 v1.0a Emulation of the original atveryend package
with kernel methods
)
\Fld@listcount=\count343
\c@bookmark@seq@number=\count344
 (C:\Users\emicr\AppData\Local\Programs\MiKTeX\tex/latex/rerunfilecheck\rerunfilecheck.sty
Package: rerunfilecheck 2022-07-10 v1.10 Rerun checks for auxiliary files (HO)
 (C:\Users\emicr\AppData\Local\Programs\MiKTeX\tex/generic/uniquecounter\uniquecounter.sty
Package: uniquecounter 2019/12/15 v1.4 Provide unlimited unique counter (HO)
)
Package uniquecounter Info: New unique counter `rerunfilecheck' on input line 285.
)
\Hy@SectionHShift=\skip73
) (C:\Users\emicr\AppData\Local\Programs\MiKTeX\tex/latex/fancyhdr\fancyhdr.sty
Package: fancyhdr 2022/11/09 v4.1 Extensive control of page headers and footers
\f@nch@headwidth=\skip74
\f@nch@O@elh=\skip75
\f@nch@O@erh=\skip76
\f@nch@O@olh=\skip77
\f@nch@O@orh=\skip78
\f@nch@O@elf=\skip79
\f@nch@O@erf=\skip80
\f@nch@O@olf=\skip81
\f@nch@O@orf=\skip82
) (C:\Users\emicr\AppData\Local\Programs\MiKTeX\tex/latex/adjustbox\adjustbox.sty
Package: adjustbox 2022/10/17 v1.3a Adjusting TeX boxes (trim, clip, ...)
 (C:\Users\emicr\AppData\Local\Programs\MiKTeX\tex/latex/xkeyval\xkeyval.sty
Package: xkeyval 2022/06/16 v2.9 package option processing (HA)
 (C:\Users\emicr\AppData\Local\Programs\MiKTeX\tex/generic/xkeyval\xkeyval.tex (C:\Users\emicr\AppData\Local\Programs\MiKTeX\tex/generic/xkeyval\xkvutils.tex
\XKV@toks=\toks35
\XKV@tempa@toks=\toks36
)
\XKV@depth=\count345
File: xkeyval.tex 2014/12/03 v2.7a key=value parser (HA)
)) (C:\Users\emicr\AppData\Local\Programs\MiKTeX\tex/latex/adjustbox\adjcalc.sty
Package: adjcalc 2012/05/16 v1.1 Provides advanced setlength with multiple back-ends (calc, etex, pgfmath)
) (C:\Users\emicr\AppData\Local\Programs\MiKTeX\tex/latex/adjustbox\trimclip.sty
Package: trimclip 2020/08/19 v1.2 Trim and clip general TeX material
 (C:\Users\emicr\AppData\Local\Programs\MiKTeX\tex/latex/collectbox\collectbox.sty
Package: collectbox 2022/10/17 v0.4c Collect macro arguments as boxes
\collectedbox=\box118
)
\tc@llx=\dimen287
\tc@lly=\dimen288
\tc@urx=\dimen289
\tc@ury=\dimen290
Package trimclip Info: Using driver 'tc-pdftex.def'.
 (C:\Users\emicr\AppData\Local\Programs\MiKTeX\tex/latex/adjustbox\tc-pdftex.def
File: tc-pdftex.def 2019/01/04 v2.2 Clipping driver for pdftex
))
\adjbox@Width=\dimen291
\adjbox@Height=\dimen292
\adjbox@Depth=\dimen293
\adjbox@Totalheight=\dimen294
\adjbox@pwidth=\dimen295
\adjbox@pheight=\dimen296
\adjbox@pdepth=\dimen297
\adjbox@ptotalheight=\dimen298
 (C:\Users\emicr\AppData\Local\Programs\MiKTeX\tex/latex/ifoddpage\ifoddpage.sty
Package: ifoddpage 2022/10/18 v1.2 Conditionals for odd/even page detection
\c@checkoddpage=\count346
) (C:\Users\emicr\AppData\Local\Programs\MiKTeX\tex/latex/varwidth\varwidth.sty
Package: varwidth 2009/03/30 ver 0.92;  Variable-width minipages
\@vwid@box=\box119
\sift@deathcycles=\count347
\@vwid@loff=\dimen299
\@vwid@roff=\dimen300
)) (C:\Users\emicr\AppData\Local\Programs\MiKTeX\tex/latex/tocloft\tocloft.sty
Package: tocloft 2017/08/31 v2.3i parameterised ToC, etc., typesetting
Package tocloft Info: The document has section divisions on input line 51.
\cftparskip=\skip83
\cftbeforetoctitleskip=\skip84
\cftaftertoctitleskip=\skip85
\cftbeforepartskip=\skip86
\cftpartnumwidth=\skip87
\cftpartindent=\skip88
\cftbeforesecskip=\skip89
\cftsecindent=\skip90
\cftsecnumwidth=\skip91
\cftbeforesubsecskip=\skip92
\cftsubsecindent=\skip93
\cftsubsecnumwidth=\skip94
\cftbeforesubsubsecskip=\skip95
\cftsubsubsecindent=\skip96
\cftsubsubsecnumwidth=\skip97
\cftbeforeparaskip=\skip98
\cftparaindent=\skip99
\cftparanumwidth=\skip100
\cftbeforesubparaskip=\skip101
\cftsubparaindent=\skip102
\cftsubparanumwidth=\skip103
\cftbeforeloftitleskip=\skip104
\cftafterloftitleskip=\skip105
\cftbeforefigskip=\skip106
\cftfigindent=\skip107
\cftfignumwidth=\skip108
\c@lofdepth=\count348
\c@lotdepth=\count349
\cftbeforelottitleskip=\skip109
\cftafterlottitleskip=\skip110
\cftbeforetabskip=\skip111
\cfttabindent=\skip112
\cfttabnumwidth=\skip113


Package tocloft Warning: \@starttoc has already been redefined; tocloft bailing out. on input line 1156.

) (C:\Users\emicr\AppData\Local\Programs\MiKTeX\tex/generic/soul\soul.sty
Package: soul 2023-06-14 v3.1 Permit use of UTF-8 characters in soul (HO)
 (C:\Users\emicr\AppData\Local\Programs\MiKTeX\tex/generic/soul\soul-ori.sty
Package: soul-ori 2023-06-14 v3.1 letterspacing/underlining (mf)
\SOUL@word=\toks37
\SOUL@lasttoken=\toks38
\SOUL@syllable=\toks39
\SOUL@cmds=\toks40
\SOUL@buffer=\toks41
\SOUL@token=\toks42
\SOUL@syllgoal=\dimen301
\SOUL@syllwidth=\dimen302
\SOUL@charkern=\dimen303
\SOUL@hyphkern=\dimen304
\SOUL@dimen=\dimen305
\SOUL@dimeni=\dimen306
\SOUL@minus=\count350
\SOUL@comma=\count351
\SOUL@apo=\count352
\SOUL@grave=\count353
\SOUL@spaceskip=\skip114
\SOUL@ttwidth=\dimen307
\SOUL@uldp=\dimen308
\SOUL@ulht=\dimen309
) (C:\Users\emicr\AppData\Local\Programs\MiKTeX\tex/generic/etexcmds\etexcmds.sty
Package: etexcmds 2019/12/15 v1.7 Avoid name clashes with e-TeX commands (HO)
))
\c@bracketedi=\count354
\enitdp@bracketed=\count355
\c@cpplistings=\count356
\cftbeforecpplistingsskip=\skip115
\cftcpplistingsindent=\skip116
\cftcpplistingsnumwidth=\skip117
\c@lolcppdepth=\count357
\cftbeforelolcpptitleskip=\skip118
\cftafterlolcpptitleskip=\skip119
\c@matlablistings=\count358
\cftbeforematlablistingsskip=\skip120
\cftmatlablistingsindent=\skip121
\cftmatlablistingsnumwidth=\skip122
\c@lolmatlabdepth=\count359
\cftbeforelolmatlabtitleskip=\skip123
\cftafterlolmatlabtitleskip=\skip124
 (C:\Users\emicr\AppData\Local\Programs\MiKTeX\tex/latex/listings\lstlang1.sty
File: lstlang1.sty 2024/02/21 1.10 listings language file
) (C:\Users\emicr\AppData\Local\Programs\MiKTeX\tex/latex/listings\lstlang1.sty
File: lstlang1.sty 2024/02/21 1.10 listings language file
) (C:\Users\emicr\AppData\Local\Programs\MiKTeX\tex/latex/listings\lstmisc.sty
File: lstmisc.sty 2024/02/21 1.10 (Carsten Heinz)
) (C:\Users\emicr\AppData\Local\Programs\MiKTeX\tex/latex/listings\lstlang1.sty
File: lstlang1.sty 2024/02/21 1.10 listings language file
) (PRACTICA02.aux
LaTeX Info: Redefining \. on input line 12.
LaTeX Info: Redefining \% on input line 12.
)
\openout1 = `PRACTICA02.aux'.

LaTeX Font Info:    Checking defaults for OML/cmm/m/it on input line 183.
LaTeX Font Info:    ... okay on input line 183.
LaTeX Font Info:    Checking defaults for OMS/cmsy/m/n on input line 183.
LaTeX Font Info:    ... okay on input line 183.
LaTeX Font Info:    Checking defaults for OT1/cmr/m/n on input line 183.
LaTeX Font Info:    ... okay on input line 183.
LaTeX Font Info:    Checking defaults for T1/cmr/m/n on input line 183.
LaTeX Font Info:    ... okay on input line 183.
LaTeX Font Info:    Checking defaults for TS1/cmr/m/n on input line 183.
LaTeX Font Info:    ... okay on input line 183.
LaTeX Font Info:    Checking defaults for OMX/cmex/m/n on input line 183.
LaTeX Font Info:    ... okay on input line 183.
LaTeX Font Info:    Checking defaults for U/cmr/m/n on input line 183.
LaTeX Font Info:    ... okay on input line 183.
LaTeX Font Info:    Checking defaults for PD1/pdf/m/n on input line 183.
LaTeX Font Info:    ... okay on input line 183.
LaTeX Font Info:    Checking defaults for PU/pdf/m/n on input line 183.
LaTeX Font Info:    ... okay on input line 183.
LaTeX Info: Redefining \. on input line 183.
LaTeX Info: Redefining \% on input line 183.

*geometry* driver: auto-detecting
*geometry* detected driver: pdftex
*geometry* verbose mode - [ preamble ] result:
* driver: pdftex
* paper: a4paper
* layout: <same size as paper>
* layoutoffset:(h,v)=(0.0pt,0.0pt)
* modes: 
* h-part:(L,W,R)=(72.26999pt, 452.9679pt, 72.26999pt)
* v-part:(T,H,B)=(72.26999pt, 700.50687pt, 72.26999pt)
* \paperwidth=597.50787pt
* \paperheight=845.04684pt
* \textwidth=452.9679pt
* \textheight=700.50687pt
* \oddsidemargin=0.0pt
* \evensidemargin=0.0pt
* \topmargin=-59.0845pt
* \headheight=34.0845pt
* \headsep=25.0pt
* \topskip=10.0pt
* \footskip=30.0pt
* \marginparwidth=65.0pt
* \marginparsep=11.0pt
* \columnsep=10.0pt
* \skip\footins=9.0pt plus 4.0pt minus 2.0pt
* \hoffset=0.0pt
* \voffset=0.0pt
* \mag=1000
* \@twocolumnfalse
* \@twosidefalse
* \@mparswitchfalse
* \@reversemarginfalse
* (1in=72.27pt=25.4mm, 1cm=28.453pt)

(C:\Users\emicr\AppData\Local\Programs\MiKTeX\tex/context/base/mkii\supp-pdf.mkii
[Loading MPS to PDF converter (version 2006.09.02).]
\scratchcounter=\count360
\scratchdimen=\dimen310
\scratchbox=\box120
\nofMPsegments=\count361
\nofMParguments=\count362
\everyMPshowfont=\toks43
\MPscratchCnt=\count363
\MPscratchDim=\dimen311
\MPnumerator=\count364
\makeMPintoPDFobject=\count365
\everyMPtoPDFconversion=\toks44
) (C:\Users\emicr\AppData\Local\Programs\MiKTeX\tex/latex/epstopdf-pkg\epstopdf-base.sty
Package: epstopdf-base 2020-01-24 v2.11 Base part for package epstopdf
Package epstopdf-base Info: Redefining graphics rule for `.eps' on input line 485.
 (C:\Users\emicr\AppData\Local\Programs\MiKTeX\tex/latex/00miktex\epstopdf-sys.cfg
File: epstopdf-sys.cfg 2021/03/18 v2.0 Configuration of epstopdf for MiKTeX
))
\c@lstlisting=\count366
Package caption Info: Begin \AtBeginDocument code.
Package caption Info: hyperref package is loaded.
Package caption Info: End \AtBeginDocument code.

Couldn't patch \ttl@straight@ii
Couldn't patch \ttl@straight@ii
Package hyperref Info: Link coloring OFF on input line 183.
(PRACTICA02.out) (PRACTICA02.out)
\@outlinefile=\write3
\openout3 = `PRACTICA02.out'.

<logotipo_ipn.png, id=107, 1235.61626pt x 1323.94624pt>
File: logotipo_ipn.png Graphic file (type png)
<use logotipo_ipn.png>
Package pdftex.def Info: logotipo_ipn.png  used on input line 190.
(pdftex.def)             Requested size: 113.24197pt x 121.3318pt.
LaTeX Font Info:    Trying to load font information for U+lasy on input line 207.
 (C:\Users\emicr\AppData\Local\Programs\MiKTeX\tex/latex/base\ulasy.fd
File: ulasy.fd 1998/08/17 v2.2e LaTeX symbol font definitions
)
<EscudoESCOM.png, id=108, 2459.1875pt x 1577.895pt>
File: EscudoESCOM.png Graphic file (type png)
<use EscudoESCOM.png>
Package pdftex.def Info: EscudoESCOM.png  used on input line 216.
(pdftex.def)             Requested size: 181.18439pt x 116.24234pt.
 [1

{C:/Users/emicr/AppData/Local/MiKTeX/fonts/map/pdftex/pdftex.map} <./logotipo_ipn.png> <./EscudoESCOM.png>] (PRACTICA02.toc
LaTeX Info: Redefining \. on input line 1.
LaTeX Info: Redefining \% on input line 1.
)
\tf@toc=\write4
\openout4 = `PRACTICA02.toc'.


pdfTeX warning (ext4): destination with the same identifier (name{page.1}) has been already used, duplicate ignored
<to be read again> 
                   \relax 
l.228 \newpage
               [1] (PRACTICA02.lolcpp)
\tf@lolcpp=\write5
\openout5 = `PRACTICA02.lolcpp'.

 (PRACTICA02.lolmatlab)
\tf@lolmatlab=\write6
\openout6 = `PRACTICA02.lolmatlab'.

 (PRACTICA02.lof
LaTeX Info: Redefining \. on input line 1.
LaTeX Info: Redefining \% on input line 1.
)
\tf@lof=\write7
\openout7 = `PRACTICA02.lof'.

 [2]
File: logotipo_ipn.png Graphic file (type png)
<use logotipo_ipn.png>
Package pdftex.def Info: logotipo_ipn.png  used on input line 276.
(pdftex.def)             Requested size: 28.45274pt x 30.48447pt.
File: EscudoESCOM.png Graphic file (type png)
<use EscudoESCOM.png>
Package pdftex.def Info: EscudoESCOM.png  used on input line 276.
(pdftex.def)             Requested size: 42.67912pt x 27.37521pt.
 [3]
File: logotipo_ipn.png Graphic file (type png)
<use logotipo_ipn.png>
Package pdftex.def Info: logotipo_ipn.png  used on input line 327.
(pdftex.def)             Requested size: 28.45274pt x 30.48447pt.
File: EscudoESCOM.png Graphic file (type png)
<use EscudoESCOM.png>
Package pdftex.def Info: EscudoESCOM.png  used on input line 327.
(pdftex.def)             Requested size: 42.67912pt x 27.37521pt.
 [4]
File: logotipo_ipn.png Graphic file (type png)
<use logotipo_ipn.png>
Package pdftex.def Info: logotipo_ipn.png  used on input line 384.
(pdftex.def)             Requested size: 28.45274pt x 30.48447pt.
File: EscudoESCOM.png Graphic file (type png)
<use EscudoESCOM.png>
Package pdftex.def Info: EscudoESCOM.png  used on input line 384.
(pdftex.def)             Requested size: 42.67912pt x 27.37521pt.
 [5]
File: logotipo_ipn.png Graphic file (type png)
<use logotipo_ipn.png>
Package pdftex.def Info: logotipo_ipn.png  used on input line 432.
(pdftex.def)             Requested size: 28.45274pt x 30.48447pt.
File: EscudoESCOM.png Graphic file (type png)
<use EscudoESCOM.png>
Package pdftex.def Info: EscudoESCOM.png  used on input line 432.
(pdftex.def)             Requested size: 42.67912pt x 27.37521pt.
 [6]
File: logotipo_ipn.png Graphic file (type png)
<use logotipo_ipn.png>
Package pdftex.def Info: logotipo_ipn.png  used on input line 501.
(pdftex.def)             Requested size: 28.45274pt x 30.48447pt.
File: EscudoESCOM.png Graphic file (type png)
<use EscudoESCOM.png>
Package pdftex.def Info: EscudoESCOM.png  used on input line 501.
(pdftex.def)             Requested size: 42.67912pt x 27.37521pt.
 [7]
Package hyperref Info: bookmark level for unknown lstlisting defaults to 0 on input line 502.
File: logotipo_ipn.png Graphic file (type png)
<use logotipo_ipn.png>
Package pdftex.def Info: logotipo_ipn.png  used on input line 562.
(pdftex.def)             Requested size: 28.45274pt x 30.48447pt.
File: EscudoESCOM.png Graphic file (type png)
<use EscudoESCOM.png>
Package pdftex.def Info: EscudoESCOM.png  used on input line 562.
(pdftex.def)             Requested size: 42.67912pt x 27.37521pt.
 [8]
File: logotipo_ipn.png Graphic file (type png)
<use logotipo_ipn.png>
Package pdftex.def Info: logotipo_ipn.png  used on input line 631.
(pdftex.def)             Requested size: 28.45274pt x 30.48447pt.
File: EscudoESCOM.png Graphic file (type png)
<use EscudoESCOM.png>
Package pdftex.def Info: EscudoESCOM.png  used on input line 631.
(pdftex.def)             Requested size: 42.67912pt x 27.37521pt.
 [9]
Underfull \hbox (badness 10000) in paragraph at lines 692--695

 []

File: logotipo_ipn.png Graphic file (type png)
<use logotipo_ipn.png>
Package pdftex.def Info: logotipo_ipn.png  used on input line 701.
(pdftex.def)             Requested size: 28.45274pt x 30.48447pt.
File: EscudoESCOM.png Graphic file (type png)
<use EscudoESCOM.png>
Package pdftex.def Info: EscudoESCOM.png  used on input line 701.
(pdftex.def)             Requested size: 42.67912pt x 27.37521pt.
[10]
LaTeX Font Info:    Font shape `OT1/cmtt/bx/n' in size <10> not available
(Font)              Font shape `OT1/cmtt/m/n' tried instead on input line 709.
File: logotipo_ipn.png Graphic file (type png)
<use logotipo_ipn.png>
Package pdftex.def Info: logotipo_ipn.png  used on input line 763.
(pdftex.def)             Requested size: 28.45274pt x 30.48447pt.
File: EscudoESCOM.png Graphic file (type png)
<use EscudoESCOM.png>
Package pdftex.def Info: EscudoESCOM.png  used on input line 763.
(pdftex.def)             Requested size: 42.67912pt x 27.37521pt.
 [11]
File: logotipo_ipn.png Graphic file (type png)
<use logotipo_ipn.png>
Package pdftex.def Info: logotipo_ipn.png  used on input line 829.
(pdftex.def)             Requested size: 28.45274pt x 30.48447pt.
File: EscudoESCOM.png Graphic file (type png)
<use EscudoESCOM.png>
Package pdftex.def Info: EscudoESCOM.png  used on input line 829.
(pdftex.def)             Requested size: 42.67912pt x 27.37521pt.
 [12]
File: logotipo_ipn.png Graphic file (type png)
<use logotipo_ipn.png>
Package pdftex.def Info: logotipo_ipn.png  used on input line 893.
(pdftex.def)             Requested size: 28.45274pt x 30.48447pt.
File: EscudoESCOM.png Graphic file (type png)
<use EscudoESCOM.png>
Package pdftex.def Info: EscudoESCOM.png  used on input line 893.
(pdftex.def)             Requested size: 42.67912pt x 27.37521pt.
 [13]
File: logotipo_ipn.png Graphic file (type png)
<use logotipo_ipn.png>
Package pdftex.def Info: logotipo_ipn.png  used on input line 961.
(pdftex.def)             Requested size: 28.45274pt x 30.48447pt.
File: EscudoESCOM.png Graphic file (type png)
<use EscudoESCOM.png>
Package pdftex.def Info: EscudoESCOM.png  used on input line 961.
(pdftex.def)             Requested size: 42.67912pt x 27.37521pt.
 [14]
File: logotipo_ipn.png Graphic file (type png)
<use logotipo_ipn.png>
Package pdftex.def Info: logotipo_ipn.png  used on input line 1017.
(pdftex.def)             Requested size: 28.45274pt x 30.48447pt.
File: EscudoESCOM.png Graphic file (type png)
<use EscudoESCOM.png>
Package pdftex.def Info: EscudoESCOM.png  used on input line 1017.
(pdftex.def)             Requested size: 42.67912pt x 27.37521pt.
 [15]
File: logotipo_ipn.png Graphic file (type png)
<use logotipo_ipn.png>
Package pdftex.def Info: logotipo_ipn.png  used on input line 1082.
(pdftex.def)             Requested size: 28.45274pt x 30.48447pt.
File: EscudoESCOM.png Graphic file (type png)
<use EscudoESCOM.png>
Package pdftex.def Info: EscudoESCOM.png  used on input line 1082.
(pdftex.def)             Requested size: 42.67912pt x 27.37521pt.
 [16]
<Terminal.png, id=705, 1445.4pt x 768.62157pt>
File: Terminal.png Graphic file (type png)
<use Terminal.png>
Package pdftex.def Info: Terminal.png  used on input line 1122.
(pdftex.def)             Requested size: 452.9679pt x 240.87389pt.

Overfull \hbox (1.8651pt too wide) in paragraph at lines 1118--1124
[]\OT1/cmr/m/n/10 A con-ti-nua-ci^^Son se de-jan los re-sul-ta-dos da-dos por el pro-gra-ma con una po-ten-cia igual a vein-te y ocho: 
 []

<AutomataQ0.png, id=706, 528.47438pt x 473.51906pt>
File: AutomataQ0.png Graphic file (type png)
<use AutomataQ0.png>
Package pdftex.def Info: AutomataQ0.png  used on input line 1128.
(pdftex.def)             Requested size: 317.07614pt x 284.09917pt.
File: logotipo_ipn.png Graphic file (type png)
<use logotipo_ipn.png>
Package pdftex.def Info: logotipo_ipn.png  used on input line 1131.
(pdftex.def)             Requested size: 28.45274pt x 30.48447pt.
File: EscudoESCOM.png Graphic file (type png)
<use EscudoESCOM.png>
Package pdftex.def Info: EscudoESCOM.png  used on input line 1131.
(pdftex.def)             Requested size: 42.67912pt x 27.37521pt.
[17 <./Terminal.png>]
<AutomataQ1.png, id=718, 528.47438pt x 473.51906pt>
File: AutomataQ1.png Graphic file (type png)
<use AutomataQ1.png>
Package pdftex.def Info: AutomataQ1.png  used on input line 1134.
(pdftex.def)             Requested size: 317.07614pt x 284.09917pt.
<AutomataQ2.png, id=719, 528.47438pt x 473.51906pt>
File: AutomataQ2.png Graphic file (type png)
<use AutomataQ2.png>
Package pdftex.def Info: AutomataQ2.png  used on input line 1140.
(pdftex.def)             Requested size: 317.07614pt x 284.09917pt.
File: logotipo_ipn.png Graphic file (type png)
<use logotipo_ipn.png>
Package pdftex.def Info: logotipo_ipn.png  used on input line 1143.
(pdftex.def)             Requested size: 28.45274pt x 30.48447pt.
File: EscudoESCOM.png Graphic file (type png)
<use EscudoESCOM.png>
Package pdftex.def Info: EscudoESCOM.png  used on input line 1143.
(pdftex.def)             Requested size: 42.67912pt x 27.37521pt.
 [18 <./AutomataQ0.png> <./AutomataQ1.png>]
File: logotipo_ipn.png Graphic file (type png)
<use logotipo_ipn.png>
Package pdftex.def Info: logotipo_ipn.png  used on input line 1175.
(pdftex.def)             Requested size: 28.45274pt x 30.48447pt.
File: EscudoESCOM.png Graphic file (type png)
<use EscudoESCOM.png>
Package pdftex.def Info: EscudoESCOM.png  used on input line 1175.
(pdftex.def)             Requested size: 42.67912pt x 27.37521pt.
 [19 <./AutomataQ2.png>]
File: logotipo_ipn.png Graphic file (type png)
<use logotipo_ipn.png>
Package pdftex.def Info: logotipo_ipn.png  used on input line 1182.
(pdftex.def)             Requested size: 28.45274pt x 30.48447pt.
File: EscudoESCOM.png Graphic file (type png)
<use EscudoESCOM.png>
Package pdftex.def Info: EscudoESCOM.png  used on input line 1182.
(pdftex.def)             Requested size: 42.67912pt x 27.37521pt.
 [20] (PRACTICA02.bbl)
File: logotipo_ipn.png Graphic file (type png)
<use logotipo_ipn.png>
Package pdftex.def Info: logotipo_ipn.png  used on input line 1185.
(pdftex.def)             Requested size: 28.45274pt x 30.48447pt.
File: EscudoESCOM.png Graphic file (type png)
<use EscudoESCOM.png>
Package pdftex.def Info: EscudoESCOM.png  used on input line 1185.
(pdftex.def)             Requested size: 42.67912pt x 27.37521pt.
 [21] (PRACTICA02.aux
LaTeX Info: Redefining \. on input line 12.
LaTeX Info: Redefining \% on input line 12.
)
 ***********
LaTeX2e <2023-11-01> patch level 1
L3 programming layer <2024-02-20>
 ***********
Package rerunfilecheck Info: File `PRACTICA02.out' has not changed.
(rerunfilecheck)             Checksum: 97CCF3A7F06E7312C0EC7AC725A7E6E9;3399.
 ) 
Here is how much of TeX's memory you used:
 21348 strings out of 474457
 348392 string characters out of 5742755
 2133190 words of memory out of 5000000
 42814 multiletter control sequences out of 15000+600000
 567233 words of font info for 73 fonts, out of 8000000 for 9000
 1141 hyphenation exceptions out of 8191
 79i,16n,120p,1229b,2685s stack positions out of 10000i,1000n,20000p,200000b,200000s
<C:/Users/emicr/AppData/Local/Programs/MiKTeX/fonts/type1/public/amsfonts/cm/cmbx10.pfb><C:/Users/emicr/AppData/Local/Programs/MiKTeX/fonts/type1/public/amsfonts/cm/cmbx12.pfb><C:/Users/emicr/AppData/Local/Programs/MiKTeX/fonts/type1/public/amsfonts/cm/cmbxti10.pfb><C:/Users/emicr/AppData/Local/Programs/MiKTeX/fonts/type1/public/amsfonts/cm/cmmi10.pfb><C:/Users/emicr/AppData/Local/Programs/MiKTeX/fonts/type1/public/amsfonts/cm/cmr10.pfb><C:/Users/emicr/AppData/Local/Programs/MiKTeX/fonts/type1/public/amsfonts/cm/cmr5.pfb><C:/Users/emicr/AppData/Local/Programs/MiKTeX/fonts/type1/public/amsfonts/cm/cmsy10.pfb><C:/Users/emicr/AppData/Local/Programs/MiKTeX/fonts/type1/public/amsfonts/cm/cmti10.pfb><C:/Users/emicr/AppData/Local/Programs/MiKTeX/fonts/type1/public/amsfonts/cm/cmtt10.pfb><C:/Users/emicr/AppData/Local/Programs/MiKTeX/fonts/type1/public/amsfonts/cm/cmtt8.pfb><C:/Users/emicr/AppData/Local/Programs/MiKTeX/fonts/type1/public/amsfonts/cm/cmtt9.pfb><C:/Users/emicr/AppData/Local/Programs/MiKTeX/fonts/type1/public/amsfonts/latxfont/lasy10.pfb>
Output written on PRACTICA02.pdf (22 pages, 3687068 bytes).
PDF statistics:
 908 PDF objects out of 1000 (max. 8388607)
 523 named destinations out of 1000 (max. 500000)
 239 words of extra memory for PDF output out of 10000 (max. 10000000)

